<?xml version="1.0" encoding="UTF-8"?>
<testsuite xmlns:xsi="http://www.w3.org/2001/XMLSchema-instance" xsi:noNamespaceSchemaLocation="https://maven.apache.org/surefire/maven-surefire-plugin/xsd/surefire-test-report.xsd" name="com.Srinivasan.product.dao.ProductDAOimplTest" time="0.049" tests="1" errors="0" skipped="0" failures="0">
  <properties>
    <property name="java.specification.version" value="17"/>
    <property name="sun.jnu.encoding" value="UTF-8"/>
    <property name="java.class.path" value="/home/srinivasan/eclipse-workspace/Productservice/target/test-classes:/home/srinivasan/eclipse-workspace/Productservice/target/classes:/home/srinivasan/.m2/repository/org/springframework/spring-context/6.0.6/spring-context-6.0.6.jar:/home/srinivasan/.m2/repository/org/springframework/spring-aop/6.0.6/spring-aop-6.0.6.jar:/home/srinivasan/.m2/repository/org/springframework/spring-beans/6.0.6/spring-beans-6.0.6.jar:/home/srinivasan/.m2/repository/org/springframework/spring-core/6.0.6/spring-core-6.0.6.jar:/home/srinivasan/.m2/repository/org/springframework/spring-jcl/6.0.6/spring-jcl-6.0.6.jar:/home/srinivasan/.m2/repository/org/springframework/spring-expression/6.0.6/spring-expression-6.0.6.jar:/home/srinivasan/.m2/repository/junit/junit/4.13.2/junit-4.13.2.jar:/home/srinivasan/.m2/repository/org/hamcrest/hamcrest-core/1.3/hamcrest-core-1.3.jar:"/>
    <property name="java.vm.vendor" value="Private Build"/>
    <property name="sun.arch.data.model" value="64"/>
    <property name="java.vendor.url" value="Unknown"/>
    <property name="os.name" value="Linux"/>
    <property name="java.vm.specification.version" value="17"/>
    <property name="sun.java.launcher" value="SUN_STANDARD"/>
    <property name="user.country" value="IN"/>
    <property name="sun.boot.library.path" value="/usr/lib/jvm/java-17-openjdk-amd64/lib"/>
    <property name="sun.java.command" value="/home/srinivasan/eclipse-workspace/Productservice/target/surefire/surefirebooter12247135062072849305.jar /home/srinivasan/eclipse-workspace/Productservice/target/surefire 2023-03-17T16-07-50_866-jvmRun1 surefire5969614852800371997tmp surefire_01567850137582280550tmp"/>
    <property name="jdk.debug" value="release"/>
    <property name="surefire.test.class.path" value="/home/srinivasan/eclipse-workspace/Productservice/target/test-classes:/home/srinivasan/eclipse-workspace/Productservice/target/classes:/home/srinivasan/.m2/repository/org/springframework/spring-context/6.0.6/spring-context-6.0.6.jar:/home/srinivasan/.m2/repository/org/springframework/spring-aop/6.0.6/spring-aop-6.0.6.jar:/home/srinivasan/.m2/repository/org/springframework/spring-beans/6.0.6/spring-beans-6.0.6.jar:/home/srinivasan/.m2/repository/org/springframework/spring-core/6.0.6/spring-core-6.0.6.jar:/home/srinivasan/.m2/repository/org/springframework/spring-jcl/6.0.6/spring-jcl-6.0.6.jar:/home/srinivasan/.m2/repository/org/springframework/spring-expression/6.0.6/spring-expression-6.0.6.jar:/home/srinivasan/.m2/repository/junit/junit/4.13.2/junit-4.13.2.jar:/home/srinivasan/.m2/repository/org/hamcrest/hamcrest-core/1.3/hamcrest-core-1.3.jar:"/>
    <property name="sun.cpu.endian" value="little"/>
    <property name="user.home" value="/home/srinivasan"/>
    <property name="user.language" value="en"/>
    <property name="java.specification.vendor" value="Oracle Corporation"/>
    <property name="java.version.date" value="2023-01-17"/>
    <property name="java.home" value="/usr/lib/jvm/java-17-openjdk-amd64"/>
    <property name="file.separator" value="/"/>
    <property name="style.color" value="always"/>
    <property name="basedir" value="/home/srinivasan/eclipse-workspace/Productservice"/>
    <property name="java.vm.compressedOopsMode" value="Zero based"/>
    <property name="line.separator" value="&#10;"/>
    <property name="java.vm.specification.vendor" value="Oracle Corporation"/>
    <property name="java.specification.name" value="Java Platform API Specification"/>
    <property name="surefire.real.class.path" value="/home/srinivasan/eclipse-workspace/Productservice/target/surefire/surefirebooter12247135062072849305.jar"/>
    <property name="sun.management.compiler" value="HotSpot 64-Bit Tiered Compilers"/>
    <property name="java.runtime.version" value="17.0.6+10-Ubuntu-0ubuntu122.04"/>
    <property name="user.name" value="srinivasan"/>
    <property name="path.separator" value=":"/>
    <property name="os.version" value="5.19.0-35-generic"/>
    <property name="java.runtime.name" value="OpenJDK Runtime Environment"/>
    <property name="file.encoding" value="UTF-8"/>
    <property name="java.vm.name" value="OpenJDK 64-Bit Server VM"/>
    <property name="localRepository" value="/home/srinivasan/.m2/repository"/>
    <property name="java.vendor.url.bug" value="Unknown"/>
    <property name="java.io.tmpdir" value="/tmp"/>
    <property name="java.version" value="17.0.6"/>
    <property name="user.dir" value="/home/srinivasan/eclipse-workspace/Productservice"/>
    <property name="os.arch" value="amd64"/>
    <property name="java.vm.specification.name" value="Java Virtual Machine Specification"/>
    <property name="native.encoding" value="UTF-8"/>
    <property name="java.library.path" value="/usr/java/packages/lib:/usr/lib/x86_64-linux-gnu/jni:/lib/x86_64-linux-gnu:/usr/lib/x86_64-linux-gnu:/usr/lib/jni:/lib:/usr/lib"/>
    <property name="java.vm.info" value="mixed mode, sharing"/>
    <property name="java.vendor" value="Private Build"/>
    <property name="java.vm.version" value="17.0.6+10-Ubuntu-0ubuntu122.04"/>
    <property name="sun.io.unicode.encoding" value="UnicodeLittle"/>
    <property name="java.class.version" value="61.0"/>
  </properties>
  <testcase name="createShouldCreateProduct" classname="com.Srinivasan.product.dao.ProductDAOimplTest" time="0.003"/>
</testsuite>